The target system is: Emscripten - 1 - x86
The host system is: Linux - 4.15.0-1026-gcp - x86_64
Determining if the include file unistd.h exists passed with the following output:
Change Dir: /src/cmake-build-emscripten/CMakeFiles/CMakeTmp

Run Build Command:"/usr/bin/make" "cmTC_685d2/fast"
/usr/bin/make -f CMakeFiles/cmTC_685d2.dir/build.make CMakeFiles/cmTC_685d2.dir/build
make[1]: Entering directory '/src/cmake-build-emscripten/CMakeFiles/CMakeTmp'
Building C object CMakeFiles/cmTC_685d2.dir/CheckIncludeFile.c.o
/emsdk_portable/sdk/emcc   -s WASM=0   -o CMakeFiles/cmTC_685d2.dir/CheckIncludeFile.c.o   -c /src/cmake-build-emscripten/CMakeFiles/CMakeTmp/CheckIncludeFile.c
Linking C executable cmTC_685d2.js
/opt/cmake/bin/cmake -E cmake_link_script CMakeFiles/cmTC_685d2.dir/link.txt --verbose=1
/emsdk_portable/sdk/emcc  -s WASM=0    @CMakeFiles/cmTC_685d2.dir/objects1.rsp  -o cmTC_685d2.js 
make[1]: Leaving directory '/src/cmake-build-emscripten/CMakeFiles/CMakeTmp'


Determining if the include file fcntl.h exists passed with the following output:
Change Dir: /src/cmake-build-emscripten/CMakeFiles/CMakeTmp

Run Build Command:"/usr/bin/make" "cmTC_09882/fast"
/usr/bin/make -f CMakeFiles/cmTC_09882.dir/build.make CMakeFiles/cmTC_09882.dir/build
make[1]: Entering directory '/src/cmake-build-emscripten/CMakeFiles/CMakeTmp'
Building C object CMakeFiles/cmTC_09882.dir/CheckIncludeFile.c.o
/emsdk_portable/sdk/emcc   -s WASM=0   -o CMakeFiles/cmTC_09882.dir/CheckIncludeFile.c.o   -c /src/cmake-build-emscripten/CMakeFiles/CMakeTmp/CheckIncludeFile.c
Linking C executable cmTC_09882.js
/opt/cmake/bin/cmake -E cmake_link_script CMakeFiles/cmTC_09882.dir/link.txt --verbose=1
/emsdk_portable/sdk/emcc  -s WASM=0    @CMakeFiles/cmTC_09882.dir/objects1.rsp  -o cmTC_09882.js 
make[1]: Leaving directory '/src/cmake-build-emscripten/CMakeFiles/CMakeTmp'


Determining if the include file stdint.h exists passed with the following output:
Change Dir: /src/cmake-build-emscripten/CMakeFiles/CMakeTmp

Run Build Command:"/usr/bin/make" "cmTC_92c8e/fast"
/usr/bin/make -f CMakeFiles/cmTC_92c8e.dir/build.make CMakeFiles/cmTC_92c8e.dir/build
make[1]: Entering directory '/src/cmake-build-emscripten/CMakeFiles/CMakeTmp'
Building C object CMakeFiles/cmTC_92c8e.dir/CheckIncludeFile.c.o
/emsdk_portable/sdk/emcc   -s WASM=0   -o CMakeFiles/cmTC_92c8e.dir/CheckIncludeFile.c.o   -c /src/cmake-build-emscripten/CMakeFiles/CMakeTmp/CheckIncludeFile.c
Linking C executable cmTC_92c8e.js
/opt/cmake/bin/cmake -E cmake_link_script CMakeFiles/cmTC_92c8e.dir/link.txt --verbose=1
/emsdk_portable/sdk/emcc  -s WASM=0    @CMakeFiles/cmTC_92c8e.dir/objects1.rsp  -o cmTC_92c8e.js 
make[1]: Leaving directory '/src/cmake-build-emscripten/CMakeFiles/CMakeTmp'


