################################### 0x108a1f5c0 ################################
FATAL [Thu Jan 24 17:41:23 2019] Received signal --> void ee::signalHandler(int)
	Signal code: 15 --> void ee::signalHandler(int)
Stacktrace:
[0] ee::Stacktrace::create(unsigned long)
[1] ee::signalHandler(int)
[2] _sigtramp
[3] CA::AttrList::get(unsigned int, _CAValueType, void*) const
[4] CAObject_defaultValueForAtom
[5] CA::Layer::default_value(unsigned int, _CAValueType, void*)
[6] CA::Layer::getter(unsigned int, _CAValueType, void*)
[7] -[CALayer minificationFilter]
[8] -[CALayer(CALayerPrivate) _renderImageCopyFlags]
[9] CA::Layer::prepare_commit(CA::Transaction*)
[10] CA::Context::commit_transaction(CA::Transaction*)
[11] CA::Transaction::commit()
[12] flush_notify
[13] glSwap_Exec
[14] CGLFlushDrawable
[15] -[NSOpenGLContext flushBuffer]
[16] swapBuffersNSGL
[17] glfwSwapBuffers
[18] platform::desktop::DesktopWindow::swapBuffers()
[19] gfx::Application::tick()
[20] gfx::_internal::ApplicationManager::tick()
[21] main


